<?xml version="1.0" encoding="UTF-8"?>
<testng-results ignored="0" total="3" passed="2" failed="1" skipped="0">
  <reporter-output>
  </reporter-output>
  <suite started-at="2024-09-21T15:34:39 IST" name="Test suite" finished-at="2024-09-21T15:35:28 IST" duration-ms="49077">
    <groups>
    </groups>
    <test started-at="2024-09-21T15:34:39 IST" name="Testng" finished-at="2024-09-21T15:35:28 IST" duration-ms="49077">
      <class name="com.seleniumproject.testScript.OrangeHCMLoginTest">
        <test-method is-config="true" signature="initialExtentReport()[pri:0, instance:com.seleniumproject.testScript.OrangeHCMLoginTest@5b247367]" started-at="2024-09-21T15:34:39 IST" name="initialExtentReport" finished-at="2024-09-21T15:34:39 IST" duration-ms="276" status="PASS">
          <reporter-output>
          </reporter-output>
        </test-method> <!-- initialExtentReport -->
        <test-method is-config="true" signature="browserSetup(org.testng.ITestContext,java.lang.String)[pri:0, instance:com.seleniumproject.testScript.OrangeHCMLoginTest@5b247367]" started-at="2024-09-21T15:34:39 IST" name="browserSetup" finished-at="2024-09-21T15:34:41 IST" duration-ms="2270" status="PASS">
          <params>
            <param index="0">
              <value>
                <![CDATA[org.testng.TestRunner@343fddd9]]>
              </value>
            </param>
            <param index="1">
              <value>
                <![CDATA[chrome]]>
              </value>
            </param>
          </params>
          <reporter-output>
          </reporter-output>
        </test-method> <!-- browserSetup -->
        <test-method is-config="true" signature="getExtentReportTestName(org.testng.ITestContext)[pri:0, instance:com.seleniumproject.testScript.OrangeHCMLoginTest@5b247367]" started-at="2024-09-21T15:34:42 IST" name="getExtentReportTestName" finished-at="2024-09-21T15:34:42 IST" duration-ms="5" status="PASS">
          <params>
            <param index="0">
              <value>
                <![CDATA[org.testng.TestRunner@343fddd9]]>
              </value>
            </param>
          </params>
          <reporter-output>
          </reporter-output>
        </test-method> <!-- getExtentReportTestName -->
        <test-method signature="loginTest(java.lang.String,java.lang.String)[pri:0, instance:com.seleniumproject.testScript.OrangeHCMLoginTest@5b247367]" started-at="2024-09-21T15:34:42 IST" name="loginTest" data-provider="loginData" finished-at="2024-09-21T15:34:49 IST" duration-ms="6869" status="PASS">
          <params>
            <param index="0">
              <value>
                <![CDATA[Admin]]>
              </value>
            </param>
            <param index="1">
              <value>
                <![CDATA[admin123]]>
              </value>
            </param>
          </params>
          <reporter-output>
          </reporter-output>
        </test-method> <!-- loginTest -->
        <test-method is-config="true" signature="checkStatus(java.lang.reflect.Method,org.testng.ITestResult)[pri:0, instance:com.seleniumproject.testScript.OrangeHCMLoginTest@5b247367]" started-at="2024-09-21T15:34:49 IST" name="checkStatus" finished-at="2024-09-21T15:34:49 IST" duration-ms="1" status="PASS">
          <params>
            <param index="0">
              <value>
                <![CDATA[public void com.seleniumproject.testScript.OrangeHCMLoginTest.loginTest(java.lang.String,java.lang.String)]]>
              </value>
            </param>
            <param index="1">
              <value>
                <![CDATA[[TestResult name=loginTest status=SUCCESS method=OrangeHCMLoginTest.loginTest(java.lang.String,java.lang.String)[pri:0, instance:com.seleniumproject.testScript.OrangeHCMLoginTest@5b247367] output={null}]]]>
              </value>
            </param>
          </params>
          <reporter-output>
          </reporter-output>
        </test-method> <!-- checkStatus -->
        <test-method signature="loginTest(java.lang.String,java.lang.String)[pri:0, instance:com.seleniumproject.testScript.OrangeHCMLoginTest@5b247367]" started-at="2024-09-21T15:34:49 IST" name="loginTest" data-provider="loginData" finished-at="2024-09-21T15:35:23 IST" duration-ms="33285" status="FAIL">
          <params>
            <param index="0">
              <value>
                <![CDATA[Admin]]>
              </value>
            </param>
            <param index="1">
              <value>
                <![CDATA[admin111]]>
              </value>
            </param>
          </params>
          <exception class="org.openqa.selenium.NoSuchElementException">
            <message>
              <![CDATA[no such element: Unable to locate element: {"method":"xpath","selector":"//span[@class="oxd-userdropdown-tab"]"}
  (Session info: chrome=129.0.6668.58)
For documentation on this error, please visit: http://seleniumhq.org/exceptions/no_such_element.html
Build info: version: '3.11.0', revision: 'e59cfb3', time: '2018-03-11T20:26:55.152Z'
System info: host: 'LAPTOP-FB0U5SV7', ip: '192.168.29.15', os.name: 'Windows 10', os.arch: 'amd64', os.version: '10.0', java.version: '15.0.2'
Driver info: org.openqa.selenium.chrome.ChromeDriver
Capabilities {acceptInsecureCerts: false, browserName: chrome, browserVersion: 129.0.6668.58, chrome: {chromedriverVersion: 129.0.6668.58 (81a06fb873a9..., userDataDir: C:\Users\KAVIDH~1\AppData\L...}, fedcm:accounts: true, goog:chromeOptions: {debuggerAddress: localhost:49381}, javascriptEnabled: true, networkConnectionEnabled: false, pageLoadStrategy: normal, platform: WINDOWS, platformName: WINDOWS, proxy: Proxy(), setWindowRect: true, strictFileInteractability: false, timeouts: {implicit: 0, pageLoad: 300000, script: 30000}, unhandledPromptBehavior: dismiss and notify, webauthn:extension:credBlob: true, webauthn:extension:largeBlob: true, webauthn:extension:minPinLength: true, webauthn:extension:prf: true, webauthn:virtualAuthenticators: true}
Session ID: 195ce89ee315d47b50bfecc300b1f353
*** Element info: {Using=xpath, value=//span[@class="oxd-userdropdown-tab"]}]]>
            </message>
            <full-stacktrace>
              <![CDATA[org.openqa.selenium.NoSuchElementException: no such element: Unable to locate element: {"method":"xpath","selector":"//span[@class="oxd-userdropdown-tab"]"}
  (Session info: chrome=129.0.6668.58)
For documentation on this error, please visit: http://seleniumhq.org/exceptions/no_such_element.html
Build info: version: '3.11.0', revision: 'e59cfb3', time: '2018-03-11T20:26:55.152Z'
System info: host: 'LAPTOP-FB0U5SV7', ip: '192.168.29.15', os.name: 'Windows 10', os.arch: 'amd64', os.version: '10.0', java.version: '15.0.2'
Driver info: org.openqa.selenium.chrome.ChromeDriver
Capabilities {acceptInsecureCerts: false, browserName: chrome, browserVersion: 129.0.6668.58, chrome: {chromedriverVersion: 129.0.6668.58 (81a06fb873a9..., userDataDir: C:\Users\KAVIDH~1\AppData\L...}, fedcm:accounts: true, goog:chromeOptions: {debuggerAddress: localhost:49381}, javascriptEnabled: true, networkConnectionEnabled: false, pageLoadStrategy: normal, platform: WINDOWS, platformName: WINDOWS, proxy: Proxy(), setWindowRect: true, strictFileInteractability: false, timeouts: {implicit: 0, pageLoad: 300000, script: 30000}, unhandledPromptBehavior: dismiss and notify, webauthn:extension:credBlob: true, webauthn:extension:largeBlob: true, webauthn:extension:minPinLength: true, webauthn:extension:prf: true, webauthn:virtualAuthenticators: true}
Session ID: 195ce89ee315d47b50bfecc300b1f353
*** Element info: {Using=xpath, value=//span[@class="oxd-userdropdown-tab"]}
at java.base/jdk.internal.reflect.NativeConstructorAccessorImpl.newInstance0(Native Method)
at java.base/jdk.internal.reflect.NativeConstructorAccessorImpl.newInstance(NativeConstructorAccessorImpl.java:64)
at java.base/jdk.internal.reflect.DelegatingConstructorAccessorImpl.newInstance(DelegatingConstructorAccessorImpl.java:45)
at java.base/java.lang.reflect.Constructor.newInstanceWithCaller(Constructor.java:500)
at java.base/java.lang.reflect.Constructor.newInstance(Constructor.java:481)
at org.openqa.selenium.remote.http.W3CHttpResponseCodec.createException(W3CHttpResponseCodec.java:187)
at org.openqa.selenium.remote.http.W3CHttpResponseCodec.decode(W3CHttpResponseCodec.java:122)
at org.openqa.selenium.remote.http.W3CHttpResponseCodec.decode(W3CHttpResponseCodec.java:49)
at org.openqa.selenium.remote.HttpCommandExecutor.execute(HttpCommandExecutor.java:158)
at org.openqa.selenium.remote.service.DriverCommandExecutor.execute(DriverCommandExecutor.java:83)
at org.openqa.selenium.remote.RemoteWebDriver.execute(RemoteWebDriver.java:545)
at org.openqa.selenium.remote.RemoteWebDriver.findElement(RemoteWebDriver.java:319)
at org.openqa.selenium.remote.RemoteWebDriver.findElementByXPath(RemoteWebDriver.java:421)
at org.openqa.selenium.By$ByXPath.findElement(By.java:361)
at org.openqa.selenium.remote.RemoteWebDriver.findElement(RemoteWebDriver.java:311)
at org.openqa.selenium.support.pagefactory.DefaultElementLocator.findElement(DefaultElementLocator.java:69)
at org.openqa.selenium.support.pagefactory.internal.LocatingElementHandler.invoke(LocatingElementHandler.java:38)
at com.sun.proxy.$Proxy18.click(Unknown Source)
at com.seleniumproject.pageObject.OrangeHCMLoginPage.clickLogOutButton(OrangeHCMLoginPage.java:43)
at com.seleniumproject.testScript.OrangeHCMLoginTest.loginTest(OrangeHCMLoginTest.java:30)
at java.base/jdk.internal.reflect.NativeMethodAccessorImpl.invoke0(Native Method)
at java.base/jdk.internal.reflect.NativeMethodAccessorImpl.invoke(NativeMethodAccessorImpl.java:64)
at java.base/jdk.internal.reflect.DelegatingMethodAccessorImpl.invoke(DelegatingMethodAccessorImpl.java:43)
at java.base/java.lang.reflect.Method.invoke(Method.java:564)
at org.testng.internal.invokers.MethodInvocationHelper.invokeMethod(MethodInvocationHelper.java:141)
at org.testng.internal.invokers.TestInvoker.invokeMethod(TestInvoker.java:686)
at org.testng.internal.invokers.TestInvoker.invokeTestMethod(TestInvoker.java:230)
at org.testng.internal.invokers.MethodRunner.runInSequence(MethodRunner.java:63)
at org.testng.internal.invokers.TestInvoker$MethodInvocationAgent.invoke(TestInvoker.java:992)
at org.testng.internal.invokers.TestInvoker.invokeTestMethods(TestInvoker.java:203)
at org.testng.internal.invokers.TestMethodWorker.invokeTestMethods(TestMethodWorker.java:154)
at org.testng.internal.invokers.TestMethodWorker.run(TestMethodWorker.java:134)
at java.base/java.util.ArrayList.forEach(ArrayList.java:1511)
at org.testng.TestRunner.privateRun(TestRunner.java:739)
at org.testng.TestRunner.run(TestRunner.java:614)
at org.testng.SuiteRunner.runTest(SuiteRunner.java:421)
at org.testng.SuiteRunner.runSequentially(SuiteRunner.java:413)
at org.testng.SuiteRunner.privateRun(SuiteRunner.java:373)
at org.testng.SuiteRunner.run(SuiteRunner.java:312)
at org.testng.SuiteRunnerWorker.runSuite(SuiteRunnerWorker.java:52)
at org.testng.SuiteRunnerWorker.run(SuiteRunnerWorker.java:95)
at org.testng.TestNG.runSuitesSequentially(TestNG.java:1274)
at org.testng.TestNG.runSuitesLocally(TestNG.java:1208)
at org.testng.TestNG.runSuites(TestNG.java:1112)
at org.testng.TestNG.run(TestNG.java:1079)
at org.testng.remote.AbstractRemoteTestNG.run(AbstractRemoteTestNG.java:115)
at org.testng.remote.RemoteTestNG.initAndRun(RemoteTestNG.java:293)
at org.testng.remote.RemoteTestNG.main(RemoteTestNG.java:91)
]]>
            </full-stacktrace>
          </exception> <!-- org.openqa.selenium.NoSuchElementException -->
          <reporter-output>
          </reporter-output>
        </test-method> <!-- loginTest -->
        <test-method is-config="true" signature="getExtentReportTestName(org.testng.ITestContext)[pri:0, instance:com.seleniumproject.testScript.OrangeHCMLoginTest@5b247367]" started-at="2024-09-21T15:34:49 IST" name="getExtentReportTestName" finished-at="2024-09-21T15:34:49 IST" duration-ms="0" status="PASS">
          <params>
            <param index="0">
              <value>
                <![CDATA[org.testng.TestRunner@343fddd9]]>
              </value>
            </param>
          </params>
          <reporter-output>
          </reporter-output>
        </test-method> <!-- getExtentReportTestName -->
        <test-method is-config="true" signature="checkStatus(java.lang.reflect.Method,org.testng.ITestResult)[pri:0, instance:com.seleniumproject.testScript.OrangeHCMLoginTest@5b247367]" started-at="2024-09-21T15:35:23 IST" name="checkStatus" finished-at="2024-09-21T15:35:23 IST" duration-ms="159" status="PASS">
          <params>
            <param index="0">
              <value>
                <![CDATA[public void com.seleniumproject.testScript.OrangeHCMLoginTest.loginTest(java.lang.String,java.lang.String)]]>
              </value>
            </param>
            <param index="1">
              <value>
                <![CDATA[[TestResult name=loginTest status=FAILURE method=OrangeHCMLoginTest.loginTest(java.lang.String,java.lang.String)[pri:0, instance:com.seleniumproject.testScript.OrangeHCMLoginTest@5b247367] output={null}]]]>
              </value>
            </param>
          </params>
          <reporter-output>
          </reporter-output>
        </test-method> <!-- checkStatus -->
        <test-method is-config="true" signature="getExtentReportTestName(org.testng.ITestContext)[pri:0, instance:com.seleniumproject.testScript.OrangeHCMLoginTest@5b247367]" started-at="2024-09-21T15:35:23 IST" name="getExtentReportTestName" finished-at="2024-09-21T15:35:23 IST" duration-ms="1" status="PASS">
          <params>
            <param index="0">
              <value>
                <![CDATA[org.testng.TestRunner@343fddd9]]>
              </value>
            </param>
          </params>
          <reporter-output>
          </reporter-output>
        </test-method> <!-- getExtentReportTestName -->
        <test-method signature="loginTestConfig()[pri:0, instance:com.seleniumproject.testScript.OrangeHCMLoginTest@5b247367]" started-at="2024-09-21T15:35:23 IST" name="loginTestConfig" finished-at="2024-09-21T15:35:27 IST" duration-ms="4541" status="PASS">
          <reporter-output>
          </reporter-output>
        </test-method> <!-- loginTestConfig -->
        <test-method is-config="true" signature="checkStatus(java.lang.reflect.Method,org.testng.ITestResult)[pri:0, instance:com.seleniumproject.testScript.OrangeHCMLoginTest@5b247367]" started-at="2024-09-21T15:35:27 IST" name="checkStatus" finished-at="2024-09-21T15:35:27 IST" duration-ms="1" status="PASS">
          <params>
            <param index="0">
              <value>
                <![CDATA[public void com.seleniumproject.testScript.OrangeHCMLoginTest.loginTestConfig()]]>
              </value>
            </param>
            <param index="1">
              <value>
                <![CDATA[[TestResult name=loginTestConfig status=SUCCESS method=OrangeHCMLoginTest.loginTestConfig()[pri:0, instance:com.seleniumproject.testScript.OrangeHCMLoginTest@5b247367] output={null}]]]>
              </value>
            </param>
          </params>
          <reporter-output>
          </reporter-output>
        </test-method> <!-- checkStatus -->
        <test-method is-config="true" signature="quitBrowser()[pri:0, instance:com.seleniumproject.testScript.OrangeHCMLoginTest@5b247367]" started-at="2024-09-21T15:35:27 IST" name="quitBrowser" finished-at="2024-09-21T15:35:28 IST" duration-ms="967" status="PASS">
          <reporter-output>
          </reporter-output>
        </test-method> <!-- quitBrowser -->
        <test-method is-config="true" signature="flushExtentReport()[pri:0, instance:com.seleniumproject.testScript.OrangeHCMLoginTest@5b247367]" started-at="2024-09-21T15:35:28 IST" name="flushExtentReport" finished-at="2024-09-21T15:35:29 IST" duration-ms="417" status="PASS">
          <reporter-output>
          </reporter-output>
        </test-method> <!-- flushExtentReport -->
      </class> <!-- com.seleniumproject.testScript.OrangeHCMLoginTest -->
    </test> <!-- Testng -->
  </suite> <!-- Test suite -->
</testng-results>
